[2024-08-11T06:30:14.232082+00:00] ms-auth.INFO: Bearer eyJ0eXAiOiJKV1QiLCJhbGciOiJIUzI1NiJ9.eyJ1c2VybmFtZSI6ImFuZGkiLCJ1c2VyX2lkIjoxLCJpYXQiOjE3MjMzNTc3NTYsImV4cCI6MTcyMzM2MTM1Nn0.vH-OYRosDrqa9KacLHUF-igbV0K7LFZ8LZ6LEKZo1UM [] []
[2024-08-11T06:33:42.701886+00:00] ms-auth.INFO: Bearer eyJ0eXAiOiJKV1QiLCJhbGciOiJIUzI1NiJ9.eyJ1c2VybmFtZSI6ImFuZGkiLCJ1c2VyX2lkIjoxLCJpYXQiOjE3MjMzNTc3NTYsImV4cCI6MTcyMzM2MTM1Nn0.vH-OYRosDrqa9KacLHUF-igbV0K7LFZ8LZ6LEKZo1UM [] []
[2024-08-11T06:37:42.018689+00:00] ms-auth.INFO: eyJ0eXAiOiJKV1QiLCJhbGciOiJIUzI1NiJ9.eyJ1c2VybmFtZSI6ImFuZGkiLCJ1c2VyX2lkIjoxLCJpYXQiOjE3MjMzNTc3NTYsImV4cCI6MTcyMzM2MTM1Nn0.vH-OYRosDrqa9KacLHUF-igbV0K7LFZ8LZ6LEKZo1UM [] []
[2024-08-11T06:37:42.019086+00:00] ms-auth.INFO: {"typ":"JWT","alg":"HS256"}{"username":"andi","user_id":1,"iat":1723357756,"exp":1723361356}/Ê¢¿Î©ØJi¬«PX†m] Ï±Y∂z,Bô£U [] []
[2024-08-11T06:39:24.823103+00:00] ms-auth.INFO: " [] []
[2024-08-11T06:39:34.814536+00:00] ms-auth.INFO: {"typ":"JWT","alg":"HS256"}{"username":"andi","user_id":1,"iat":1723357756,"exp":1723361356}/Ê¢¿Î©ØJi¬«PX†m] Ï±Y∂z,Bô£U [] []
[2024-08-11T06:40:56.855825+00:00] ms-auth.INFO: {"typ":"JWT","alg":"HS256"} [] []
[2024-08-11T06:41:06.455442+00:00] ms-auth.INFO: {"username":"andi","user_id":1,"iat":1723357756,"exp":1723361356} [] []
[2024-08-11T06:41:13.627234+00:00] ms-auth.INFO: ºsòFãÆ¶Ω)ßAbÅµt+≤≈g¬ŸË± fçT [] []
[2024-08-11T06:41:21.468806+00:00] ms-auth.INFO: {"username":"andi","user_id":1,"iat":1723357756,"exp":1723361356} [] []
[2024-08-11T06:42:51.696114+00:00] ms-auth.INFO: andi [] []
[2024-08-11T06:43:04.552430+00:00] ms-auth.INFO: 1 [] []
[2024-08-11T07:02:47.654054+00:00] ms-auth.ERROR: Failed to set key: ERR syntax error [] []
[2024-08-11T07:03:24.040709+00:00] ms-auth.ERROR: Failed to set key: ERR syntax error [] []
[2024-08-11T07:03:27.700942+00:00] ms-auth.ERROR: Failed to set key: ERR syntax error [] []
[2024-08-11T07:04:51.464508+00:00] ms-auth.ERROR: Failed to set key: ERR syntax error [] []
[2024-08-11T07:07:01.719510+00:00] ms-auth.ERROR: Failed to set key: ERR syntax error [] []
[2024-08-11T07:07:11.102427+00:00] ms-auth.ERROR: Failed to set key: ERR syntax error [] []
[2024-08-11T07:07:12.846365+00:00] ms-auth.ERROR: Failed to set key: ERR syntax error [] []
[2024-08-11T07:07:14.183831+00:00] ms-auth.ERROR: Failed to set key: ERR syntax error [] []
[2024-08-11T07:22:03.449060+00:00] ms-auth.ERROR: JWT Validation Failed {"exception":"[object] (Exception(code: 0): Token not found in key at /Users/andis/Documents/PROJECT/sample-ms-php/common/Middleware/AuthMiddleware.php:41)"} []
[2024-08-11T07:22:38.396401+00:00] ms-auth.ERROR: JWT Validation Failed {"exception":"[object] (Exception(code: 0): Token not found in key at /Users/andis/Documents/PROJECT/sample-ms-php/common/Middleware/AuthMiddleware.php:41)"} []
[2024-08-11T07:22:40.015921+00:00] ms-auth.ERROR: JWT Validation Failed {"exception":"[object] (Exception(code: 0): Token not found in key at /Users/andis/Documents/PROJECT/sample-ms-php/common/Middleware/AuthMiddleware.php:41)"} []
[2024-08-11T07:22:44.162256+00:00] ms-auth.ERROR: JWT Validation Failed {"exception":"[object] (Exception(code: 0): Token not found in key at /Users/andis/Documents/PROJECT/sample-ms-php/common/Middleware/AuthMiddleware.php:41)"} []
[2024-08-11T07:22:44.930169+00:00] ms-auth.ERROR: JWT Validation Failed {"exception":"[object] (Exception(code: 0): Token not found in key at /Users/andis/Documents/PROJECT/sample-ms-php/common/Middleware/AuthMiddleware.php:41)"} []
[2024-08-11T07:22:45.499655+00:00] ms-auth.ERROR: JWT Validation Failed {"exception":"[object] (Exception(code: 0): Token not found in key at /Users/andis/Documents/PROJECT/sample-ms-php/common/Middleware/AuthMiddleware.php:41)"} []
[2024-08-11T07:23:06.234106+00:00] ms-auth.ERROR: JWT Validation Failed {"exception":"[object] (Exception(code: 0): Token not found in key at /Users/andis/Documents/PROJECT/sample-ms-php/common/Middleware/AuthMiddleware.php:41)"} []
[2024-08-11T07:25:40.761909+00:00] ms-auth.INFO: /Users/andis/Documents/PROJECT/sample-ms-php/ms-auth/public [] []
[2024-08-11T07:25:40.762568+00:00] ms-auth.INFO: ::1 [] []
[2024-08-11T07:25:40.762600+00:00] ms-auth.INFO: 62291 [] []
[2024-08-11T07:25:40.762615+00:00] ms-auth.INFO: PHP/8.3.7 (Development Server) [] []
[2024-08-11T07:25:40.762628+00:00] ms-auth.INFO: HTTP/1.1 [] []
[2024-08-11T07:25:40.762640+00:00] ms-auth.INFO: localhost [] []
[2024-08-11T07:25:40.762650+00:00] ms-auth.INFO: 8000 [] []
[2024-08-11T07:25:40.762661+00:00] ms-auth.INFO: /profile [] []
[2024-08-11T07:25:40.762672+00:00] ms-auth.INFO: GET [] []
[2024-08-11T07:25:40.762682+00:00] ms-auth.INFO: /index.php [] []
[2024-08-11T07:25:40.762692+00:00] ms-auth.INFO: /Users/andis/Documents/PROJECT/sample-ms-php/ms-auth/public/index.php [] []
[2024-08-11T07:25:40.762703+00:00] ms-auth.INFO: /profile [] []
[2024-08-11T07:25:40.762712+00:00] ms-auth.INFO: /index.php/profile [] []
[2024-08-11T07:25:40.762723+00:00] ms-auth.INFO: application/json [] []
[2024-08-11T07:25:40.762733+00:00] ms-auth.INFO: application/json [] []
[2024-08-11T07:25:40.762743+00:00] ms-auth.INFO: Bearer eyJ0eXAiOiJKV1QiLCJhbGciOiJIUzI1NiJ9.eyJ1c2VybmFtZSI6ImFuZGkiLCJ1c2VyX2lkIjoxLCJpYXQiOjE3MjMzNjAzNjcsImV4cCI6MTcyMzM2Mzk2N30.MkE8mLZKf9z78qnf1Ss-W_bSCM_GGRPXpr5UDPjZNZk [] []
[2024-08-11T07:25:40.762755+00:00] ms-auth.INFO: IntelliJ HTTP Client/PhpStorm 2024.1.5 [] []
[2024-08-11T07:25:40.762765+00:00] ms-auth.INFO: br, deflate, gzip, x-gzip [] []
[2024-08-11T07:25:40.762775+00:00] ms-auth.INFO: */* [] []
[2024-08-11T07:25:40.762785+00:00] ms-auth.INFO: localhost:8000 [] []
[2024-08-11T07:25:40.762795+00:00] ms-auth.INFO: 0 [] []
[2024-08-11T07:25:40.762805+00:00] ms-auth.INFO: 0 [] []
[2024-08-11T07:25:40.762818+00:00] ms-auth.INFO: 1723361140.7561 [] []
[2024-08-11T07:25:40.762828+00:00] ms-auth.INFO: 1723361140 [] []
[2024-08-11T07:26:43.684715+00:00] ms-auth.ERROR: JWT Validation Failed {"exception":"[object] (ErrorException(code: 0): Undefined array key \"USER_NAME\" at /Users/andis/Documents/PROJECT/sample-ms-php/common/Middleware/AuthMiddleware.php:43)"} []
[2024-08-11T07:26:47.694688+00:00] ms-auth.ERROR: JWT Validation Failed {"exception":"[object] (ErrorException(code: 0): Undefined array key \"USER_NAME\" at /Users/andis/Documents/PROJECT/sample-ms-php/common/Middleware/AuthMiddleware.php:43)"} []
[2024-08-11T07:27:00.882667+00:00] ms-auth.ERROR: JWT Validation Failed {"exception":"[object] (ErrorException(code: 0): Undefined array key \"USER_NAME\" at /Users/andis/Documents/PROJECT/sample-ms-php/common/Middleware/AuthMiddleware.php:43)"} []
[2024-08-11T08:16:36.716954+00:00] ms-auth.ERROR: JWT Validation Failed {"exception":"[object] (Exception(code: 0): Token not found in key at /Users/andis/Documents/PROJECT/sample-ms-php/common/Middleware/AuthMiddleware.php:38)"} []
[2024-08-11T08:16:38.438414+00:00] ms-auth.ERROR: JWT Validation Failed {"exception":"[object] (Exception(code: 0): Token not found in key at /Users/andis/Documents/PROJECT/sample-ms-php/common/Middleware/AuthMiddleware.php:38)"} []
[2024-08-11T08:16:47.685026+00:00] ms-auth.ERROR: JWT Validation Failed {"exception":"[object] (Exception(code: 0): Token not found in key at /Users/andis/Documents/PROJECT/sample-ms-php/common/Middleware/AuthMiddleware.php:41)"} []
[2024-08-11T08:17:15.006083+00:00] ms-auth.ERROR: JWT Validation Failed {"exception":"[object] (ErrorException(code: 0): Undefined property: App\\MsAuth\\Models\\User::$password at /Users/andis/Documents/PROJECT/sample-ms-php/ms-auth/vendor/jms/serializer/src/Accessor/DefaultAccessorStrategy.php:89)"} []
[2024-08-11T08:17:19.606144+00:00] ms-auth.ERROR: JWT Validation Failed {"exception":"[object] (ErrorException(code: 0): Undefined property: App\\MsAuth\\Models\\User::$password at /Users/andis/Documents/PROJECT/sample-ms-php/ms-auth/vendor/jms/serializer/src/Accessor/DefaultAccessorStrategy.php:89)"} []
[2024-08-11T08:17:39.779899+00:00] ms-auth.ERROR: JWT Validation Failed {"exception":"[object] (ErrorException(code: 0): Undefined property: App\\MsAuth\\Models\\User::$password at /Users/andis/Documents/PROJECT/sample-ms-php/ms-auth/vendor/jms/serializer/src/Accessor/DefaultAccessorStrategy.php:89)"} []
[2024-08-11T08:17:59.369700+00:00] ms-auth.ERROR: JWT Validation Failed {"exception":"[object] (ErrorException(code: 0): Undefined property: App\\MsAuth\\Models\\User::$password at /Users/andis/Documents/PROJECT/sample-ms-php/ms-auth/vendor/jms/serializer/src/Accessor/DefaultAccessorStrategy.php:89)"} []
[2024-08-11T08:18:00.726788+00:00] ms-auth.ERROR: JWT Validation Failed {"exception":"[object] (ErrorException(code: 0): Undefined property: App\\MsAuth\\Models\\User::$password at /Users/andis/Documents/PROJECT/sample-ms-php/ms-auth/vendor/jms/serializer/src/Accessor/DefaultAccessorStrategy.php:89)"} []
[2024-08-11T08:18:01.398321+00:00] ms-auth.ERROR: JWT Validation Failed {"exception":"[object] (ErrorException(code: 0): Undefined property: App\\MsAuth\\Models\\User::$password at /Users/andis/Documents/PROJECT/sample-ms-php/ms-auth/vendor/jms/serializer/src/Accessor/DefaultAccessorStrategy.php:89)"} []
[2024-08-11T12:41:03.626035+00:00] ms-auth.ERROR: JWT Validation Failed {"exception":"[object] (Exception(code: 0): Token not found in key at /Users/andis/Documents/PROJECT/sample-ms-php/common/Middleware/AuthMiddleware.php:41)"} []
[2024-08-11T12:41:05.996881+00:00] ms-auth.ERROR: JWT Validation Failed {"exception":"[object] (Exception(code: 0): Token not found in key at /Users/andis/Documents/PROJECT/sample-ms-php/common/Middleware/AuthMiddleware.php:41)"} []
[2024-08-11T13:14:44.673743+00:00] ms-asset.ERROR: Failed to create asset: Undefined array key "user_name" [] []
[2024-08-11T13:15:37.419170+00:00] ms-asset.ERROR: Failed to create asset: Undefined array key "user_name" [] []
[2024-08-11T13:15:54.401891+00:00] ms-asset.ERROR: Failed to create asset: Undefined array key "user_name" [] []
